InnoDB: using atomic writes.
2020-02-05 12:32:33 0 [Note] InnoDB: Mutexes and rw_locks use Windows interlocked functions
2020-02-05 12:32:33 0 [Note] InnoDB: Uses event mutexes
2020-02-05 12:32:33 0 [Note] InnoDB: Compressed tables use zlib 1.2.11
2020-02-05 12:32:33 0 [Note] InnoDB: Number of pools: 1
2020-02-05 12:32:33 0 [Note] InnoDB: Using SSE2 crc32 instructions
2020-02-05 12:32:33 0 [Note] InnoDB: Initializing buffer pool, total size = 16M, instances = 1, chunk size = 16M
2020-02-05 12:32:33 0 [Note] InnoDB: Completed initialization of buffer pool
2020-02-05 12:32:33 0 [Note] InnoDB: Starting crash recovery from checkpoint LSN=300288
2020-02-05 12:32:34 0 [Note] InnoDB: 128 out of 128 rollback segments are active.
2020-02-05 12:32:34 0 [Note] InnoDB: Removed temporary tablespace data file: "ibtmp1"
2020-02-05 12:32:34 0 [Note] InnoDB: Creating shared tablespace for temporary tables
2020-02-05 12:32:34 0 [Note] InnoDB: Setting file 'C:\xampp\mysql\data\ibtmp1' size to 12 MB. Physically writing the file full; Please wait ...
2020-02-05 12:32:34 0 [Note] InnoDB: File 'C:\xampp\mysql\data\ibtmp1' size is now 12 MB.
2020-02-05 12:32:34 0 [Note] InnoDB: Waiting for purge to start
2020-02-05 12:32:34 0 [Note] InnoDB: 10.4.11 started; log sequence number 300297; transaction id 171
2020-02-05 12:32:34 0 [Note] InnoDB: Loading buffer pool(s) from C:\xampp\mysql\data\ib_buffer_pool
2020-02-05 12:32:34 0 [Note] Plugin 'FEEDBACK' is disabled.
2020-02-05 12:32:34 0 [Note] Server socket created on IP: '::'.
InnoDB: using atomic writes.
2020-02-05 14:29:29 0 [Note] InnoDB: Mutexes and rw_locks use Windows interlocked functions
2020-02-05 14:29:29 0 [Note] InnoDB: Uses event mutexes
2020-02-05 14:29:29 0 [Note] InnoDB: Compressed tables use zlib 1.2.11
2020-02-05 14:29:29 0 [Note] InnoDB: Number of pools: 1
2020-02-05 14:29:29 0 [Note] InnoDB: Using SSE2 crc32 instructions
2020-02-05 14:29:29 0 [Note] InnoDB: Initializing buffer pool, total size = 16M, instances = 1, chunk size = 16M
2020-02-05 14:29:29 0 [Note] InnoDB: Completed initialization of buffer pool
2020-02-05 14:29:29 0 [Note] InnoDB: Starting crash recovery from checkpoint LSN=300306
2020-02-05 14:29:29 0 [Note] InnoDB: 128 out of 128 rollback segments are active.
2020-02-05 14:29:29 0 [Note] InnoDB: Removed temporary tablespace data file: "ibtmp1"
2020-02-05 14:29:29 0 [Note] InnoDB: Creating shared tablespace for temporary tables
2020-02-05 14:29:29 0 [Note] InnoDB: Setting file 'C:\xampp\mysql\data\ibtmp1' size to 12 MB. Physically writing the file full; Please wait ...
2020-02-05 14:29:29 0 [Note] InnoDB: File 'C:\xampp\mysql\data\ibtmp1' size is now 12 MB.
2020-02-05 14:29:29 0 [Note] InnoDB: Waiting for purge to start
2020-02-05 14:29:29 0 [Note] InnoDB: 10.4.11 started; log sequence number 300315; transaction id 171
2020-02-05 14:29:29 0 [Note] InnoDB: Loading buffer pool(s) from C:\xampp\mysql\data\ib_buffer_pool
2020-02-05 14:29:29 0 [Note] Plugin 'FEEDBACK' is disabled.
2020-02-05 14:29:29 0 [Note] Server socket created on IP: '::'.
2020-02-05 14:29:29 0 [Note] InnoDB: Buffer pool(s) load completed at 200205 14:29:29
InnoDB: using atomic writes.
2020-02-05 22:35:01 0 [Note] InnoDB: Mutexes and rw_locks use Windows interlocked functions
2020-02-05 22:35:01 0 [Note] InnoDB: Uses event mutexes
2020-02-05 22:35:01 0 [Note] InnoDB: Compressed tables use zlib 1.2.11
2020-02-05 22:35:01 0 [Note] InnoDB: Number of pools: 1
2020-02-05 22:35:01 0 [Note] InnoDB: Using SSE2 crc32 instructions
2020-02-05 22:35:01 0 [Note] InnoDB: Initializing buffer pool, total size = 16M, instances = 1, chunk size = 16M
2020-02-05 22:35:01 0 [Note] InnoDB: Completed initialization of buffer pool
2020-02-05 22:35:01 0 [Note] InnoDB: Starting crash recovery from checkpoint LSN=490256
2020-02-05 22:35:01 0 [Note] InnoDB: 128 out of 128 rollback segments are active.
2020-02-05 22:35:01 0 [Note] InnoDB: Removed temporary tablespace data file: "ibtmp1"
2020-02-05 22:35:01 0 [Note] InnoDB: Creating shared tablespace for temporary tables
2020-02-05 22:35:01 0 [Note] InnoDB: Setting file 'C:\xampp\mysql\data\ibtmp1' size to 12 MB. Physically writing the file full; Please wait ...
2020-02-05 22:35:01 0 [Note] InnoDB: File 'C:\xampp\mysql\data\ibtmp1' size is now 12 MB.
2020-02-05 22:35:01 0 [Note] InnoDB: Waiting for purge to start
2020-02-05 22:35:01 0 [Note] InnoDB: 10.4.11 started; log sequence number 490265; transaction id 610
2020-02-05 22:35:01 0 [Note] InnoDB: Loading buffer pool(s) from C:\xampp\mysql\data\ib_buffer_pool
2020-02-05 22:35:01 0 [Note] Plugin 'FEEDBACK' is disabled.
2020-02-05 22:35:01 0 [Note] Server socket created on IP: '::'.
InnoDB: using atomic writes.
2020-02-05 23:10:54 0 [Note] InnoDB: Mutexes and rw_locks use Windows interlocked functions
2020-02-05 23:10:54 0 [Note] InnoDB: Uses event mutexes
2020-02-05 23:10:54 0 [Note] InnoDB: Compressed tables use zlib 1.2.11
2020-02-05 23:10:54 0 [Note] InnoDB: Number of pools: 1
2020-02-05 23:10:54 0 [Note] InnoDB: Using SSE2 crc32 instructions
2020-02-05 23:10:54 0 [Note] InnoDB: Initializing buffer pool, total size = 16M, instances = 1, chunk size = 16M
2020-02-05 23:10:54 0 [Note] InnoDB: Completed initialization of buffer pool
2020-02-05 23:10:54 0 [Note] InnoDB: Starting crash recovery from checkpoint LSN=490274
2020-02-05 23:10:55 0 [Note] InnoDB: 128 out of 128 rollback segments are active.
2020-02-05 23:10:55 0 [Note] InnoDB: Removed temporary tablespace data file: "ibtmp1"
2020-02-05 23:10:55 0 [Note] InnoDB: Creating shared tablespace for temporary tables
2020-02-05 23:10:55 0 [Note] InnoDB: Setting file 'C:\xampp\mysql\data\ibtmp1' size to 12 MB. Physically writing the file full; Please wait ...
2020-02-05 23:10:55 0 [Note] InnoDB: File 'C:\xampp\mysql\data\ibtmp1' size is now 12 MB.
2020-02-05 23:10:55 0 [Note] InnoDB: Waiting for purge to start
2020-02-05 23:10:55 0 [Note] InnoDB: 10.4.11 started; log sequence number 490283; transaction id 610
2020-02-05 23:10:55 0 [Note] InnoDB: Loading buffer pool(s) from C:\xampp\mysql\data\ib_buffer_pool
2020-02-05 23:10:55 0 [Note] Plugin 'FEEDBACK' is disabled.
2020-02-05 23:10:55 0 [Note] Server socket created on IP: '::'.
InnoDB: using atomic writes.
2020-02-05 23:13:06 0 [Note] InnoDB: Mutexes and rw_locks use Windows interlocked functions
2020-02-05 23:13:06 0 [Note] InnoDB: Uses event mutexes
2020-02-05 23:13:06 0 [Note] InnoDB: Compressed tables use zlib 1.2.11
2020-02-05 23:13:06 0 [Note] InnoDB: Number of pools: 1
2020-02-05 23:13:06 0 [Note] InnoDB: Using SSE2 crc32 instructions
2020-02-05 23:13:06 0 [Note] InnoDB: Initializing buffer pool, total size = 16M, instances = 1, chunk size = 16M
2020-02-05 23:13:06 0 [Note] InnoDB: Completed initialization of buffer pool
2020-02-05 23:13:06 0 [Note] InnoDB: Starting crash recovery from checkpoint LSN=490292
2020-02-05 23:13:06 0 [Note] InnoDB: 128 out of 128 rollback segments are active.
2020-02-05 23:13:06 0 [Note] InnoDB: Removed temporary tablespace data file: "ibtmp1"
2020-02-05 23:13:06 0 [Note] InnoDB: Creating shared tablespace for temporary tables
2020-02-05 23:13:06 0 [Note] InnoDB: Setting file 'C:\xampp\mysql\data\ibtmp1' size to 12 MB. Physically writing the file full; Please wait ...
2020-02-05 23:13:06 0 [Note] InnoDB: File 'C:\xampp\mysql\data\ibtmp1' size is now 12 MB.
2020-02-05 23:13:06 0 [Note] InnoDB: Waiting for purge to start
2020-02-05 23:13:06 0 [Note] InnoDB: 10.4.11 started; log sequence number 490301; transaction id 610
2020-02-05 23:13:06 0 [Note] InnoDB: Loading buffer pool(s) from C:\xampp\mysql\data\ib_buffer_pool
2020-02-05 23:13:06 0 [Note] Plugin 'FEEDBACK' is disabled.
2020-02-05 23:13:06 0 [Note] Server socket created on IP: '::'.
InnoDB: using atomic writes.
2020-02-06  8:59:39 0 [Note] InnoDB: Mutexes and rw_locks use Windows interlocked functions
2020-02-06  8:59:39 0 [Note] InnoDB: Uses event mutexes
2020-02-06  8:59:39 0 [Note] InnoDB: Compressed tables use zlib 1.2.11
2020-02-06  8:59:39 0 [Note] InnoDB: Number of pools: 1
2020-02-06  8:59:39 0 [Note] InnoDB: Using SSE2 crc32 instructions
2020-02-06  8:59:39 0 [Note] InnoDB: Initializing buffer pool, total size = 16M, instances = 1, chunk size = 16M
2020-02-06  8:59:39 0 [Note] InnoDB: Completed initialization of buffer pool
2020-02-06  8:59:39 0 [Note] InnoDB: Starting crash recovery from checkpoint LSN=669949
2020-02-06  8:59:40 0 [Note] InnoDB: 128 out of 128 rollback segments are active.
2020-02-06  8:59:40 0 [Note] InnoDB: Removed temporary tablespace data file: "ibtmp1"
2020-02-06  8:59:40 0 [Note] InnoDB: Creating shared tablespace for temporary tables
2020-02-06  8:59:40 0 [Note] InnoDB: Setting file 'C:\xampp\mysql\data\ibtmp1' size to 12 MB. Physically writing the file full; Please wait ...
2020-02-06  8:59:40 0 [Note] InnoDB: File 'C:\xampp\mysql\data\ibtmp1' size is now 12 MB.
2020-02-06  8:59:40 0 [Note] InnoDB: Waiting for purge to start
2020-02-06  8:59:40 0 [Note] InnoDB: 10.4.11 started; log sequence number 669958; transaction id 1026
2020-02-06  8:59:40 0 [Note] InnoDB: Loading buffer pool(s) from C:\xampp\mysql\data\ib_buffer_pool
2020-02-06  8:59:40 0 [Note] Plugin 'FEEDBACK' is disabled.
2020-02-06  8:59:40 0 [Note] Server socket created on IP: '::'.
InnoDB: using atomic writes.
2020-02-06 12:14:28 0 [Note] InnoDB: Mutexes and rw_locks use Windows interlocked functions
2020-02-06 12:14:28 0 [Note] InnoDB: Uses event mutexes
2020-02-06 12:14:28 0 [Note] InnoDB: Compressed tables use zlib 1.2.11
2020-02-06 12:14:28 0 [Note] InnoDB: Number of pools: 1
2020-02-06 12:14:28 0 [Note] InnoDB: Using SSE2 crc32 instructions
2020-02-06 12:14:28 0 [Note] InnoDB: Initializing buffer pool, total size = 16M, instances = 1, chunk size = 16M
2020-02-06 12:14:28 0 [Note] InnoDB: Completed initialization of buffer pool
2020-02-06 12:14:28 0 [Note] InnoDB: Starting crash recovery from checkpoint LSN=1010866
2020-02-06 12:14:28 0 [Note] InnoDB: 128 out of 128 rollback segments are active.
2020-02-06 12:14:28 0 [Note] InnoDB: Removed temporary tablespace data file: "ibtmp1"
2020-02-06 12:14:28 0 [Note] InnoDB: Creating shared tablespace for temporary tables
2020-02-06 12:14:28 0 [Note] InnoDB: Setting file 'C:\xampp\mysql\data\ibtmp1' size to 12 MB. Physically writing the file full; Please wait ...
2020-02-06 12:14:28 0 [Note] InnoDB: File 'C:\xampp\mysql\data\ibtmp1' size is now 12 MB.
2020-02-06 12:14:28 0 [Note] InnoDB: Waiting for purge to start
2020-02-06 12:14:28 0 [Note] InnoDB: 10.4.11 started; log sequence number 1010875; transaction id 1304
2020-02-06 12:14:28 0 [Note] InnoDB: Loading buffer pool(s) from C:\xampp\mysql\data\ib_buffer_pool
2020-02-06 12:14:28 0 [Note] Plugin 'FEEDBACK' is disabled.
2020-02-06 12:14:28 0 [Note] Server socket created on IP: '::'.
InnoDB: using atomic writes.
2020-02-06 19:48:44 0 [Note] InnoDB: Mutexes and rw_locks use Windows interlocked functions
2020-02-06 19:48:44 0 [Note] InnoDB: Uses event mutexes
2020-02-06 19:48:44 0 [Note] InnoDB: Compressed tables use zlib 1.2.11
2020-02-06 19:48:44 0 [Note] InnoDB: Number of pools: 1
2020-02-06 19:48:44 0 [Note] InnoDB: Using SSE2 crc32 instructions
2020-02-06 19:48:44 0 [Note] InnoDB: Initializing buffer pool, total size = 16M, instances = 1, chunk size = 16M
2020-02-06 19:48:44 0 [Note] InnoDB: Completed initialization of buffer pool
2020-02-06 19:48:44 0 [Note] InnoDB: Starting crash recovery from checkpoint LSN=1160422
2020-02-06 19:48:45 0 [Note] InnoDB: 128 out of 128 rollback segments are active.
2020-02-06 19:48:45 0 [Note] InnoDB: Removed temporary tablespace data file: "ibtmp1"
2020-02-06 19:48:45 0 [Note] InnoDB: Creating shared tablespace for temporary tables
2020-02-06 19:48:45 0 [Note] InnoDB: Setting file 'C:\xampp\mysql\data\ibtmp1' size to 12 MB. Physically writing the file full; Please wait ...
2020-02-06 19:48:45 0 [Note] InnoDB: File 'C:\xampp\mysql\data\ibtmp1' size is now 12 MB.
2020-02-06 19:48:45 0 [Note] InnoDB: Waiting for purge to start
2020-02-06 19:48:45 0 [Note] InnoDB: 10.4.11 started; log sequence number 1160431; transaction id 1434
2020-02-06 19:48:45 0 [Note] InnoDB: Loading buffer pool(s) from C:\xampp\mysql\data\ib_buffer_pool
2020-02-06 19:48:45 0 [Note] Plugin 'FEEDBACK' is disabled.
2020-02-06 19:48:45 0 [Note] Server socket created on IP: '::'.
InnoDB: using atomic writes.
<<<<<<< HEAD
2020-02-07  9:20:36 0 [Note] InnoDB: Mutexes and rw_locks use Windows interlocked functions
2020-02-07  9:20:36 0 [Note] InnoDB: Uses event mutexes
2020-02-07  9:20:36 0 [Note] InnoDB: Compressed tables use zlib 1.2.11
2020-02-07  9:20:36 0 [Note] InnoDB: Number of pools: 1
2020-02-07  9:20:36 0 [Note] InnoDB: Using SSE2 crc32 instructions
2020-02-07  9:20:36 0 [Note] InnoDB: Initializing buffer pool, total size = 16M, instances = 1, chunk size = 16M
2020-02-07  9:20:36 0 [Note] InnoDB: Completed initialization of buffer pool
2020-02-07  9:20:36 0 [Note] InnoDB: Starting crash recovery from checkpoint LSN=1387927
2020-02-07  9:20:36 0 [Note] InnoDB: 128 out of 128 rollback segments are active.
2020-02-07  9:20:36 0 [Note] InnoDB: Removed temporary tablespace data file: "ibtmp1"
2020-02-07  9:20:36 0 [Note] InnoDB: Creating shared tablespace for temporary tables
2020-02-07  9:20:36 0 [Note] InnoDB: Setting file 'C:\xampp\mysql\data\ibtmp1' size to 12 MB. Physically writing the file full; Please wait ...
2020-02-07  9:20:36 0 [Note] InnoDB: File 'C:\xampp\mysql\data\ibtmp1' size is now 12 MB.
2020-02-07  9:20:36 0 [Note] InnoDB: Waiting for purge to start
2020-02-07  9:20:36 0 [Note] InnoDB: 10.4.11 started; log sequence number 1387936; transaction id 1704
2020-02-07  9:20:36 0 [Note] Plugin 'FEEDBACK' is disabled.
2020-02-07  9:20:36 0 [Note] InnoDB: Loading buffer pool(s) from C:\xampp\mysql\data\ib_buffer_pool
2020-02-07  9:20:36 0 [Note] Server socket created on IP: '::'.
2020-02-07  9:20:36 0 [Note] InnoDB: Buffer pool(s) load completedInnoDB: using atomic writes.
2020-02-07 12:28:31 0 [Note] InnoDB: Mutexes and rw_locks use Windows interlocked functions
2020-02-07 12:28:31 0 [Note] InnoDB: Uses event mutexes
2020-02-07 12:28:31 0 [Note] InnoDB: Compressed tables use zlib 1.2.11
2020-02-07 12:28:31 0 [Note] InnoDB: Number of pools: 1
2020-02-07 12:28:31 0 [Note] InnoDB: Using SSE2 crc32 instructions
2020-02-07 12:28:31 0 [Note] InnoDB: Initializing buffer pool, total size = 16M, instances = 1, chunk size = 16M
2020-02-07 12:28:31 0 [Note] InnoDB: Completed initialization of buffer pool
2020-02-07 12:28:31 0 [Note] InnoDB: Starting crash recovery from checkpoint LSN=1388569
2020-02-07 12:28:32 0 [Note] InnoDB: 128 out of 128 rollback segments are active.
2020-02-07 12:28:32 0 [Note] InnoDB: Removed temporary tablespace data file: "ibtmp1"
2020-02-07 12:28:32 0 [Note] InnoDB: Creating shared tablespace for temporary tables
2020-02-07 12:28:32 0 [Note] InnoDB: Setting file 'C:\xampp\mysql\data\ibtmp1' size to 12 MB. Physically writing the file full; Please wait ...
2020-02-07 12:28:32 0 [Note] InnoDB: File 'C:\xampp\mysql\data\ibtmp1' size is now 12 MB.
2020-02-07 12:28:32 0 [Note] InnoDB: Waiting for purge to start
2020-02-07 12:28:32 0 [Note] InnoDB: 10.4.11 started; log sequence number 1388578; transaction id 1717
2020-02-07 12:28:32 0 [Note] InnoDB: Loading buffer pool(s) from C:\xampp\mysql\data\ib_buffer_pool
2020-02-07 12:28:32 0 [Note] Plugin 'FEEDBACK' is disabled.
2020-02-07 12:28:32 0 [Note] InnoDB: Buffer pool(s) load completed at 200207 12:28:32
2020-02-07 12:28:32 0 [Note] Server socket created on IP: '::'.
=======
2020-02-09 15:46:40 0 [Note] InnoDB: Mutexes and rw_locks use Windows interlocked functions
2020-02-09 15:46:40 0 [Note] InnoDB: Uses event mutexes
2020-02-09 15:46:40 0 [Note] InnoDB: Compressed tables use zlib 1.2.11
2020-02-09 15:46:40 0 [Note] InnoDB: Number of pools: 1
2020-02-09 15:46:40 0 [Note] InnoDB: Using SSE2 crc32 instructions
2020-02-09 15:46:40 0 [Note] InnoDB: Initializing buffer pool, total size = 16M, instances = 1, chunk size = 16M
2020-02-09 15:46:40 0 [Note] InnoDB: Completed initialization of buffer pool
2020-02-09 15:46:40 0 [Note] InnoDB: Starting crash recovery from checkpoint LSN=1387927
2020-02-09 15:46:40 0 [Note] InnoDB: 128 out of 128 rollback segments are active.
2020-02-09 15:46:40 0 [Note] InnoDB: Removed temporary tablespace data file: "ibtmp1"
2020-02-09 15:46:40 0 [Note] InnoDB: Creating shared tablespace for temporary tables
2020-02-09 15:46:40 0 [Note] InnoDB: Setting file 'C:\xampp\mysql\data\ibtmp1' size to 12 MB. Physically writing the file full; Please wait ...
2020-02-09 15:46:40 0 [Note] InnoDB: File 'C:\xampp\mysql\data\ibtmp1' size is now 12 MB.
2020-02-09 15:46:40 0 [Note] InnoDB: Waiting for purge to start
2020-02-09 15:46:40 0 [Note] InnoDB: 10.4.11 started; log sequence number 1387936; transaction id 1704
2020-02-09 15:46:40 0 [Note] InnoDB: Loading buffer pool(s) from C:\xampp\mysql\data\ib_buffer_pool
2020-02-09 15:46:40 0 [Note] Plugin 'FEEDBACK' is disabled.
2020-02-09 15:46:40 0 [Note] Server socket created on IP: '::'.
>>>>>>> 29ba01ece5da2e53c155c0c56be406df4f1ae87a
InnoDB: using atomic writes.
2020-02-10 10:31:16 0 [Note] InnoDB: Mutexes and rw_locks use Windows interlocked functions
2020-02-10 10:31:16 0 [Note] InnoDB: Uses event mutexes
2020-02-10 10:31:16 0 [Note] InnoDB: Compressed tables use zlib 1.2.11
2020-02-10 10:31:16 0 [Note] InnoDB: Number of pools: 1
2020-02-10 10:31:16 0 [Note] InnoDB: Using SSE2 crc32 instructions
2020-02-10 10:31:16 0 [Note] InnoDB: Initializing buffer pool, total size = 16M, instances = 1, chunk size = 16M
2020-02-10 10:31:16 0 [Note] InnoDB: Completed initialization of buffer pool
2020-02-10 10:31:16 0 [Note] InnoDB: Starting crash recovery from checkpoint LSN=1389349
2020-02-10 10:31:16 0 [Note] InnoDB: 128 out of 128 rollback segments are active.
2020-02-10 10:31:16 0 [Note] InnoDB: Removed temporary tablespace data file: "ibtmp1"
2020-02-10 10:31:16 0 [Note] InnoDB: Creating shared tablespace for temporary tables
2020-02-10 10:31:16 0 [Note] InnoDB: Setting file 'C:\xampp\mysql\data\ibtmp1' size to 12 MB. Physically writing the file full; Please wait ...
2020-02-10 10:31:16 0 [Note] InnoDB: File 'C:\xampp\mysql\data\ibtmp1' size is now 12 MB.
2020-02-10 10:31:16 0 [Note] InnoDB: Waiting for purge to start
2020-02-10 10:31:16 1 [ERROR] InnoDB: Page [page id: space=2, page number=3] log sequence number 1399029 is in the future! Current system log sequence number 1389367.
2020-02-10 10:31:16 1 [ERROR] InnoDB: Your database may be corrupt or you may have copied the InnoDB tablespace but not the InnoDB log files. Please refer to https://mariadb.com/kb/en/library/innodb-recovery-modes/ for information about forcing recovery.
2020-02-10 10:31:16 1 [ERROR] InnoDB: Page [page id: space=1, page number=3] log sequence number 1399049 is in the future! Current system log sequence number 1389367.
2020-02-10 10:31:16 1 [ERROR] InnoDB: Your database may be corrupt or you may have copied the InnoDB tablespace but not the InnoDB log files. Please refer to https://mariadb.com/kb/en/library/innodb-recovery-modes/ for information about forcing recovery.
2020-02-10 10:31:16 2 [ERROR] InnoDB: Page [page id: space=63, page number=3] log sequence number 1399550 is in the future! Current system log sequence number 1389367.
2020-02-10 10:31:16 2 [ERROR] InnoDB: Your database may be corrupt or you may have copied the InnoDB tablespace but not the InnoDB log files. Please refer to https://mariadb.com/kb/en/library/innodb-recovery-modes/ for information about forcing recovery.
2020-02-10 10:31:16 2 [ERROR] InnoDB: Page [page id: space=63, page number=4] log sequence number 1399428 is in the future! Current system log sequence number 1389367.
2020-02-10 10:31:16 2 [ERROR] InnoDB: Your database may be corrupt or you may have copied the InnoDB tablespace but not the InnoDB log files. Please refer to https://mariadb.com/kb/en/library/innodb-recovery-modes/ for information about forcing recovery.
2020-02-10 10:31:16 2 [ERROR] InnoDB: Page [page id: space=63, page number=5] log sequence number 1399454 is in the future! Current system log sequence number 1389367.
2020-02-10 10:31:16 2 [ERROR] InnoDB: Your database may be corrupt or you may have copied the InnoDB tablespace but not the InnoDB log files. Please refer to https://mariadb.com/kb/en/library/innodb-recovery-modes/ for information about forcing recovery.
2020-02-10 10:31:16 0 [Note] InnoDB: 10.4.11 started; log sequence number 1389358; transaction id 1731
2020-02-10 10:31:16 0 [Note] InnoDB: Loading buffer pool(s) from C:\xampp\mysql\data\ib_buffer_pool
2020-02-10 10:31:16 0 [Note] Plugin 'FEEDBACK' is disabled.
2020-02-10 10:31:16 0 [Note] Server socket created on IP: '::'.
InnoDB: using atomic writes.
2020-02-10 12:09:46 0 [Note] InnoDB: Mutexes and rw_locks use Windows interlocked functions
2020-02-10 12:09:46 0 [Note] InnoDB: Uses event mutexes
2020-02-10 12:09:46 0 [Note] InnoDB: Compressed tables use zlib 1.2.11
2020-02-10 12:09:46 0 [Note] InnoDB: Number of pools: 1
2020-02-10 12:09:46 0 [Note] InnoDB: Using SSE2 crc32 instructions
2020-02-10 12:09:46 0 [Note] InnoDB: Initializing buffer pool, total size = 16M, instances = 1, chunk size = 16M
2020-02-10 12:09:46 0 [Note] InnoDB: Completed initialization of buffer pool
2020-02-10 12:09:46 0 [Note] InnoDB: Starting crash recovery from checkpoint LSN=1389367
2020-02-10 12:09:47 0 [Note] InnoDB: 128 out of 128 rollback segments are active.
2020-02-10 12:09:47 0 [Note] InnoDB: Removed temporary tablespace data file: "ibtmp1"
2020-02-10 12:09:47 0 [Note] InnoDB: Creating shared tablespace for temporary tables
2020-02-10 12:09:47 0 [Note] InnoDB: Setting file 'C:\xampp\mysql\data\ibtmp1' size to 12 MB. Physically writing the file full; Please wait ...
2020-02-10 12:09:47 0 [Note] InnoDB: File 'C:\xampp\mysql\data\ibtmp1' size is now 12 MB.
2020-02-10 12:09:47 0 [Note] InnoDB: Waiting for purge to start
2020-02-10 12:09:47 2 [ERROR] InnoDB: Page [page id: space=63, page number=3] log sequence number 1399550 is in the future! Current system log sequence number 1389385.
2020-02-10 12:09:47 2 [ERROR] InnoDB: Your database may be corrupt or you may have copied the InnoDB tablespace but not the InnoDB log files. Please refer to https://mariadb.com/kb/en/library/innodb-recovery-modes/ for information about forcing recovery.
2020-02-10 12:09:47 2 [ERROR] InnoDB: Page [page id: space=2, page number=3] log sequence number 1399029 is in the future! Current system log sequence number 1389385.
2020-02-10 12:09:47 2 [ERROR] InnoDB: Your database may be corrupt or you may have copied the InnoDB tablespace but not the InnoDB log files. Please refer to https://mariadb.com/kb/en/library/innodb-recovery-modes/ for information about forcing recovery.
2020-02-10 12:09:47 1 [ERROR] InnoDB: Page [page id: space=1, page number=3] log sequence number 1399049 is in the future! Current system log sequence number 1389385.
2020-02-10 12:09:47 1 [ERROR] InnoDB: Your database may be corrupt or you may have copied the InnoDB tablespace but not the InnoDB log files. Please refer to https://mariadb.com/kb/en/library/innodb-recovery-modes/ for information about forcing recovery.
2020-02-10 12:09:47 4 [ERROR] InnoDB: Page [page id: space=63, page number=4] log sequence number 1399428 is in the future! Current system log sequence number 1389385.
2020-02-10 12:09:47 4 [ERROR] InnoDB: Your database may be corrupt or you may have copied the InnoDB tablespace but not the InnoDB log files. Please refer to https://mariadb.com/kb/en/library/innodb-recovery-modes/ for information about forcing recovery.
2020-02-10 12:09:47 4 [ERROR] InnoDB: Page [page id: space=63, page number=5] log sequence number 1399454 is in the future! Current system log sequence number 1389385.
2020-02-10 12:09:47 4 [ERROR] InnoDB: Your database may be corrupt or you may have copied the InnoDB tablespace but not the InnoDB log files. Please refer to https://mariadb.com/kb/en/library/innodb-recovery-modes/ for information about forcing recovery.
2020-02-10 12:09:47 0 [Note] InnoDB: 10.4.11 started; log sequence number 1389376; transaction id 1731
2020-02-10 12:09:47 0 [Note] InnoDB: Loading buffer pool(s) from C:\xampp\mysql\data\ib_buffer_pool
2020-02-10 12:09:47 0 [Note] Plugin 'FEEDBACK' is disabled.
2020-02-10 12:09:47 0 [Note] Server socket created on IP: '::'.
InnoDB: using atomic writes.
2020-02-10 17:02:48 0 [Note] InnoDB: Mutexes and rw_locks use Windows interlocked functions
2020-02-10 17:02:48 0 [Note] InnoDB: Uses event mutexes
2020-02-10 17:02:48 0 [Note] InnoDB: Compressed tables use zlib 1.2.11
2020-02-10 17:02:48 0 [Note] InnoDB: Number of pools: 1
2020-02-10 17:02:48 0 [Note] InnoDB: Using SSE2 crc32 instructions
2020-02-10 17:02:48 0 [Note] InnoDB: Initializing buffer pool, total size = 16M, instances = 1, chunk size = 16M
2020-02-10 17:02:48 0 [Note] InnoDB: Completed initialization of buffer pool
2020-02-10 17:02:48 0 [Note] InnoDB: Starting crash recovery from checkpoint LSN=2199798
2020-02-10 17:02:48 0 [Note] InnoDB: 128 out of 128 rollback segments are active.
2020-02-10 17:02:48 0 [Note] InnoDB: Removed temporary tablespace data file: "ibtmp1"
2020-02-10 17:02:48 0 [Note] InnoDB: Creating shared tablespace for temporary tables
2020-02-10 17:02:48 0 [Note] InnoDB: Setting file 'C:\xampp\mysql\data\ibtmp1' size to 12 MB. Physically writing the file full; Please wait ...
2020-02-10 17:02:48 0 [Note] InnoDB: File 'C:\xampp\mysql\data\ibtmp1' size is now 12 MB.
2020-02-10 17:02:48 0 [Note] InnoDB: Waiting for purge to start
2020-02-10 17:02:48 0 [Note] InnoDB: 10.4.11 started; log sequence number 2199807; transaction id 2836
2020-02-10 17:02:48 0 [Note] InnoDB: Loading buffer pool(s) from C:\xampp\mysql\data\ib_buffer_pool
2020-02-10 17:02:48 0 [Note] Plugin 'FEEDBACK' is disabled.
2020-02-10 17:02:48 0 [Note] Server socket created on IP: '::'.
InnoDB: using atomic writes.
2020-02-10 17:29:35 0 [Note] InnoDB: Mutexes and rw_locks use Windows interlocked functions
2020-02-10 17:29:35 0 [Note] InnoDB: Uses event mutexes
2020-02-10 17:29:35 0 [Note] InnoDB: Compressed tables use zlib 1.2.11
2020-02-10 17:29:35 0 [Note] InnoDB: Number of pools: 1
2020-02-10 17:29:35 0 [Note] InnoDB: Using SSE2 crc32 instructions
2020-02-10 17:29:35 0 [Note] InnoDB: Initializing buffer pool, total size = 16M, instances = 1, chunk size = 16M
2020-02-10 17:29:35 0 [Note] InnoDB: Completed initialization of buffer pool
2020-02-10 17:29:35 0 [Note] InnoDB: Starting crash recovery from checkpoint LSN=2199816
2020-02-10 17:29:35 0 [Note] InnoDB: 128 out of 128 rollback segments are active.
2020-02-10 17:29:35 0 [Note] InnoDB: Removed temporary tablespace data file: "ibtmp1"
2020-02-10 17:29:35 0 [Note] InnoDB: Creating shared tablespace for temporary tables
2020-02-10 17:29:35 0 [Note] InnoDB: Setting file 'C:\xampp\mysql\data\ibtmp1' size to 12 MB. Physically writing the file full; Please wait ...
2020-02-10 17:29:35 0 [Note] InnoDB: File 'C:\xampp\mysql\data\ibtmp1' size is now 12 MB.
2020-02-10 17:29:35 0 [Note] InnoDB: Waiting for purge to start
2020-02-10 17:29:36 0 [Note] InnoDB: 10.4.11 started; log sequence number 2199825; transaction id 2836
2020-02-10 17:29:36 0 [Note] InnoDB: Loading buffer pool(s) from C:\xampp\mysql\data\ib_buffer_pool
2020-02-10 17:29:36 0 [Note] Plugin 'FEEDBACK' is disabled.
2020-02-10 17:29:36 0 [Note] Server socket created on IP: '::'.
InnoDB: using atomic writes.
2020-02-10 19:51:52 0 [Note] InnoDB: Mutexes and rw_locks use Windows interlocked functions
2020-02-10 19:51:52 0 [Note] InnoDB: Uses event mutexes
2020-02-10 19:51:52 0 [Note] InnoDB: Compressed tables use zlib 1.2.11
2020-02-10 19:51:52 0 [Note] InnoDB: Number of pools: 1
2020-02-10 19:51:52 0 [Note] InnoDB: Using SSE2 crc32 instructions
2020-02-10 19:51:52 0 [Note] InnoDB: Initializing buffer pool, total size = 16M, instances = 1, chunk size = 16M
2020-02-10 19:51:52 0 [Note] InnoDB: Completed initialization of buffer pool
2020-02-10 19:51:52 0 [Note] InnoDB: Starting crash recovery from checkpoint LSN=2199834
2020-02-10 19:51:52 0 [Note] InnoDB: 128 out of 128 rollback segments are active.
2020-02-10 19:51:52 0 [Note] InnoDB: Removed temporary tablespace data file: "ibtmp1"
2020-02-10 19:51:52 0 [Note] InnoDB: Creating shared tablespace for temporary tables
2020-02-10 19:51:52 0 [Note] InnoDB: Setting file 'C:\xampp\mysql\data\ibtmp1' size to 12 MB. Physically writing the file full; Please wait ...
2020-02-10 19:51:52 0 [Note] InnoDB: File 'C:\xampp\mysql\data\ibtmp1' size is now 12 MB.
2020-02-10 19:51:52 0 [Note] InnoDB: Waiting for purge to start
2020-02-10 19:51:52 0 [Note] InnoDB: 10.4.11 started; log sequence number 2199843; transaction id 2836
2020-02-10 19:51:52 0 [Note] InnoDB: Loading buffer pool(s) from C:\xampp\mysql\data\ib_buffer_pool
2020-02-10 19:51:52 0 [Note] Plugin 'FEEDBACK' is disabled.
2020-02-10 19:51:52 0 [Note] Server socket created on IP: '::'.
InnoDB: using atomic writes.
2020-02-10 19:57:33 0 [Note] InnoDB: Mutexes and rw_locks use Windows interlocked functions
2020-02-10 19:57:33 0 [Note] InnoDB: Uses event mutexes
2020-02-10 19:57:33 0 [Note] InnoDB: Compressed tables use zlib 1.2.11
2020-02-10 19:57:33 0 [Note] InnoDB: Number of pools: 1
2020-02-10 19:57:33 0 [Note] InnoDB: Using SSE2 crc32 instructions
2020-02-10 19:57:33 0 [Note] InnoDB: Initializing buffer pool, total size = 16M, instances = 1, chunk size = 16M
2020-02-10 19:57:33 0 [Note] InnoDB: Completed initialization of buffer pool
2020-02-10 19:57:33 0 [Note] InnoDB: Starting crash recovery from checkpoint LSN=2199852
2020-02-10 19:57:33 0 [Note] InnoDB: 128 out of 128 rollback segments are active.
2020-02-10 19:57:33 0 [Note] InnoDB: Removed temporary tablespace data file: "ibtmp1"
2020-02-10 19:57:33 0 [Note] InnoDB: Creating shared tablespace for temporary tables
2020-02-10 19:57:33 0 [Note] InnoDB: Setting file 'C:\xampp\mysql\data\ibtmp1' size to 12 MB. Physically writing the file full; Please wait ...
2020-02-10 19:57:33 0 [Note] InnoDB: File 'C:\xampp\mysql\data\ibtmp1' size is now 12 MB.
2020-02-10 19:57:33 0 [Note] InnoDB: Waiting for purge to start
2020-02-10 19:57:33 0 [Note] InnoDB: 10.4.11 started; log sequence number 2199861; transaction id 2836
2020-02-10 19:57:33 0 [Note] InnoDB: Loading buffer pool(s) from C:\xampp\mysql\data\ib_buffer_pool
2020-02-10 19:57:33 0 [Note] Plugin 'FEEDBACK' is disabled.
2020-02-10 19:57:33 0 [Note] Server socket created on IP: '::'.
InnoDB: using atomic writes.
2020-02-11  9:49:51 0 [Note] InnoDB: Mutexes and rw_locks use Windows interlocked functions
2020-02-11  9:49:51 0 [Note] InnoDB: Uses event mutexes
2020-02-11  9:49:51 0 [Note] InnoDB: Compressed tables use zlib 1.2.11
2020-02-11  9:49:51 0 [Note] InnoDB: Number of pools: 1
2020-02-11  9:49:51 0 [Note] InnoDB: Using SSE2 crc32 instructions
2020-02-11  9:49:51 0 [Note] InnoDB: Initializing buffer pool, total size = 16M, instances = 1, chunk size = 16M
2020-02-11  9:49:51 0 [Note] InnoDB: Completed initialization of buffer pool
2020-02-11  9:49:51 0 [Note] InnoDB: Starting crash recovery from checkpoint LSN=2488597
2020-02-11  9:49:51 0 [Note] InnoDB: 128 out of 128 rollback segments are active.
2020-02-11  9:49:51 0 [Note] InnoDB: Removed temporary tablespace data file: "ibtmp1"
2020-02-11  9:49:51 0 [Note] InnoDB: Creating shared tablespace for temporary tables
2020-02-11  9:49:51 0 [Note] InnoDB: Setting file 'C:\xampp\mysql\data\ibtmp1' size to 12 MB. Physically writing the file full; Please wait ...
2020-02-11  9:49:51 0 [Note] InnoDB: File 'C:\xampp\mysql\data\ibtmp1' size is now 12 MB.
2020-02-11  9:49:51 0 [Note] InnoDB: Waiting for purge to start
2020-02-11  9:49:51 0 [Note] InnoDB: 10.4.11 started; log sequence number 2488606; transaction id 3430
2020-02-11  9:49:51 0 [Note] Plugin 'FEEDBACK' is disabled.
2020-02-11  9:49:51 0 [Note] InnoDB: Loading buffer pool(s) from C:\xampp\mysql\data\ib_buffer_pool
2020-02-11  9:49:51 0 [Note] InnoDB: Buffer pool(s) load completed at 200211  9:49:51
2020-02-11  9:49:51 0 [Note] Server socket created on IP: '::'.
InnoDB: using atomic writes.
2020-02-12  9:05:36 0 [Note] InnoDB: Mutexes and rw_locks use Windows interlocked functions
2020-02-12  9:05:36 0 [Note] InnoDB: Uses event mutexes
2020-02-12  9:05:36 0 [Note] InnoDB: Compressed tables use zlib 1.2.11
2020-02-12  9:05:36 0 [Note] InnoDB: Number of pools: 1
2020-02-12  9:05:36 0 [Note] InnoDB: Using SSE2 crc32 instructions
2020-02-12  9:05:36 0 [Note] InnoDB: Initializing buffer pool, total size = 16M, instances = 1, chunk size = 16M
2020-02-12  9:05:36 0 [Note] InnoDB: Completed initialization of buffer pool
2020-02-12  9:05:36 0 [Note] InnoDB: Starting crash recovery from checkpoint LSN=3094138
2020-02-12  9:05:36 0 [Note] InnoDB: 128 out of 128 rollback segments are active.
2020-02-12  9:05:36 0 [Note] InnoDB: Removed temporary tablespace data file: "ibtmp1"
2020-02-12  9:05:36 0 [Note] InnoDB: Creating shared tablespace for temporary tables
2020-02-12  9:05:36 0 [Note] InnoDB: Setting file 'C:\xampp\mysql\data\ibtmp1' size to 12 MB. Physically writing the file full; Please wait ...
2020-02-12  9:05:36 0 [Note] InnoDB: File 'C:\xampp\mysql\data\ibtmp1' size is now 12 MB.
2020-02-12  9:05:36 0 [Note] InnoDB: Waiting for purge to start
2020-02-12  9:05:37 0 [Note] InnoDB: 10.4.11 started; log sequence number 3094147; transaction id 3893
2020-02-12  9:05:37 0 [Note] InnoDB: Loading buffer pool(s) from C:\xampp\mysql\data\ib_buffer_pool
2020-02-12  9:05:37 0 [Note] Plugin 'FEEDBACK' is disabled.
2020-02-12  9:05:37 0 [Note] InnoDB: Buffer pool(s) load completed at 200212  9:05:37
2020-02-12  9:05:37 0 [Note] Server socket created on IP: '::'.
